<?xml version="1.0" encoding="UTF-8"?>
<!-- Generated by org.testng.reporters.JUnitReportReporter -->
<testsuite hostname="LAPTOP-QU4IRHFP" failures="0" tests="2" name="testCases.LoginPageTest" time="14.773" errors="0" timestamp="02 Jul 2021 00:29:25 GMT" skipped="0">
  <testcase classname="testCases.LoginPageTest" name="LoginTest" time="8.465"/>
  <testcase classname="testCases.LoginPageTest" name="LoginPageTittleTest" time="6.308"/>
</testsuite> <!-- testCases.LoginPageTest -->
